[2019-11-20 03:23:21.419] [exthost] [info] extension host started
[2019-11-20 03:23:21.608] [exthost] [info] ExtensionService#_doActivateExtension vscode.typescript-language-features {"startup":false,"extensionId":{"value":"vscode.typescript-language-features","_lower":"vscode.typescript-language-features"},"activationEvent":"onLanguage:javascript"}
[2019-11-20 03:23:21.608] [exthost] [info] ExtensionService#loadCommonJSModule file:///snap/code/20/usr/share/code/resources/app/extensions/typescript-language-features/dist/extension
[2019-11-20 03:23:21.789] [exthost] [info] ExtensionService#_doActivateExtension vscode.debug-auto-launch {"startup":true,"extensionId":{"value":"vscode.debug-auto-launch","_lower":"vscode.debug-auto-launch"},"activationEvent":"*"}
[2019-11-20 03:23:21.789] [exthost] [info] ExtensionService#loadCommonJSModule file:///snap/code/20/usr/share/code/resources/app/extensions/debug-auto-launch/dist/extension
[2019-11-20 03:23:21.833] [exthost] [info] ExtensionService#_doActivateExtension vscode.emmet {"startup":true,"extensionId":{"value":"vscode.emmet","_lower":"vscode.emmet"},"activationEvent":"*"}
[2019-11-20 03:23:21.833] [exthost] [info] ExtensionService#loadCommonJSModule file:///snap/code/20/usr/share/code/resources/app/extensions/emmet/dist/extension
[2019-11-20 03:23:21.910] [exthost] [info] ExtensionService#_doActivateExtension vscode.git {"startup":true,"extensionId":{"value":"vscode.git","_lower":"vscode.git"},"activationEvent":"*"}
[2019-11-20 03:23:21.910] [exthost] [info] ExtensionService#loadCommonJSModule file:///snap/code/20/usr/share/code/resources/app/extensions/git/dist/main
[2019-11-20 03:23:22.082] [exthost] [info] ExtensionService#_doActivateExtension vscode.merge-conflict {"startup":true,"extensionId":{"value":"vscode.merge-conflict","_lower":"vscode.merge-conflict"},"activationEvent":"*"}
[2019-11-20 03:23:22.083] [exthost] [info] ExtensionService#loadCommonJSModule file:///snap/code/20/usr/share/code/resources/app/extensions/merge-conflict/dist/extension
[2019-11-20 03:23:22.112] [exthost] [info] ExtensionService#_doActivateExtension PKief.material-icon-theme {"startup":true,"extensionId":{"value":"PKief.material-icon-theme","_lower":"pkief.material-icon-theme"},"activationEvent":"*"}
[2019-11-20 03:23:22.118] [exthost] [info] ExtensionService#loadCommonJSModule file:///home/thomas/.vscode/extensions/pkief.material-icon-theme-3.9.1/dist/extension
[2019-11-20 03:23:22.211] [exthost] [info] ExtensionService#_doActivateExtension vscode.npm {"startup":true,"extensionId":{"value":"vscode.npm","_lower":"vscode.npm"},"activationEvent":"workspaceContains:package.json"}
[2019-11-20 03:23:22.211] [exthost] [info] ExtensionService#loadCommonJSModule file:///snap/code/20/usr/share/code/resources/app/extensions/npm/dist/main
[2019-11-20 03:23:23.210] [exthost] [info] eager extensions activated
[2019-11-20 03:28:50.352] [exthost] [info] ExtensionService#_doActivateExtension vscode.extension-editing {"startup":false,"extensionId":{"value":"vscode.extension-editing","_lower":"vscode.extension-editing"},"activationEvent":"onLanguage:typescript"}
[2019-11-20 03:28:50.352] [exthost] [info] ExtensionService#loadCommonJSModule file:///snap/code/20/usr/share/code/resources/app/extensions/extension-editing/dist/extension
[2019-11-20 03:32:58.391] [exthost] [error] [vscode.typescript-language-features] provider FAILED
[2019-11-20 03:32:58.401] [exthost] [error] Error: DisposableStore is missing...
	at T._convertCompletionItem (/snap/code/20/usr/share/code/resources/app/out/vs/workbench/services/extensions/node/extensionHostProcess.js:569:661)
	at /snap/code/20/usr/share/code/resources/app/out/vs/workbench/services/extensions/node/extensionHostProcess.js:569:291
[2019-11-20 03:37:18.314] [exthost] [error] [vscode.typescript-language-features] provider FAILED
[2019-11-20 03:37:18.315] [exthost] [error] Error: DisposableStore is missing...
	at T._convertCompletionItem (/snap/code/20/usr/share/code/resources/app/out/vs/workbench/services/extensions/node/extensionHostProcess.js:569:661)
	at /snap/code/20/usr/share/code/resources/app/out/vs/workbench/services/extensions/node/extensionHostProcess.js:569:291
[2019-11-20 03:39:03.125] [exthost] [error] [vscode.typescript-language-features] provider FAILED
[2019-11-20 03:39:03.130] [exthost] [error] Error: DisposableStore is missing...
	at T._convertCompletionItem (/snap/code/20/usr/share/code/resources/app/out/vs/workbench/services/extensions/node/extensionHostProcess.js:569:661)
	at /snap/code/20/usr/share/code/resources/app/out/vs/workbench/services/extensions/node/extensionHostProcess.js:569:291
[2019-11-20 06:37:41.928] [exthost] [error] [vscode.typescript-language-features] provider FAILED
[2019-11-20 06:37:41.934] [exthost] [error] Error: DisposableStore is missing...
	at T._convertCompletionItem (/snap/code/20/usr/share/code/resources/app/out/vs/workbench/services/extensions/node/extensionHostProcess.js:569:661)
	at /snap/code/20/usr/share/code/resources/app/out/vs/workbench/services/extensions/node/extensionHostProcess.js:569:291
[2019-11-20 06:38:42.756] [exthost] [error] [vscode.typescript-language-features] provider FAILED
[2019-11-20 06:38:42.756] [exthost] [error] Error: DisposableStore is missing...
	at T._convertCompletionItem (/snap/code/20/usr/share/code/resources/app/out/vs/workbench/services/extensions/node/extensionHostProcess.js:569:661)
	at /snap/code/20/usr/share/code/resources/app/out/vs/workbench/services/extensions/node/extensionHostProcess.js:569:291
[2019-11-20 10:48:23.825] [exthost] [error] [vscode.typescript-language-features] provider FAILED
[2019-11-20 10:48:23.834] [exthost] [error] Error: DisposableStore is missing...
	at T._convertCompletionItem (/snap/code/20/usr/share/code/resources/app/out/vs/workbench/services/extensions/node/extensionHostProcess.js:569:661)
	at /snap/code/20/usr/share/code/resources/app/out/vs/workbench/services/extensions/node/extensionHostProcess.js:569:291
[2019-11-20 10:48:55.898] [exthost] [error] [vscode.typescript-language-features] provider FAILED
[2019-11-20 10:48:55.899] [exthost] [error] Error: DisposableStore is missing...
	at T._convertCompletionItem (/snap/code/20/usr/share/code/resources/app/out/vs/workbench/services/extensions/node/extensionHostProcess.js:569:661)
	at /snap/code/20/usr/share/code/resources/app/out/vs/workbench/services/extensions/node/extensionHostProcess.js:569:291
[2019-11-20 10:58:00.897] [exthost] [error] [vscode.typescript-language-features] provider FAILED
[2019-11-20 10:58:00.898] [exthost] [error] Error: DisposableStore is missing...
	at T._convertCompletionItem (/snap/code/20/usr/share/code/resources/app/out/vs/workbench/services/extensions/node/extensionHostProcess.js:569:661)
	at /snap/code/20/usr/share/code/resources/app/out/vs/workbench/services/extensions/node/extensionHostProcess.js:569:291
[2019-11-20 11:37:20.879] [exthost] [error] [vscode.typescript-language-features] provider FAILED
[2019-11-20 11:37:20.879] [exthost] [error] Error: DisposableStore is missing...
	at T._convertCompletionItem (/snap/code/20/usr/share/code/resources/app/out/vs/workbench/services/extensions/node/extensionHostProcess.js:569:661)
	at /snap/code/20/usr/share/code/resources/app/out/vs/workbench/services/extensions/node/extensionHostProcess.js:569:291
