[2019-11-16 23:49:27.643] [exthost] [info] extension host started
[2019-11-16 23:49:27.771] [exthost] [info] ExtensionService#_doActivateExtension vscode.debug-auto-launch {"startup":true,"extensionId":{"value":"vscode.debug-auto-launch","_lower":"vscode.debug-auto-launch"},"activationEvent":"*"}
[2019-11-16 23:49:27.771] [exthost] [info] ExtensionService#loadCommonJSModule file:///snap/code/20/usr/share/code/resources/app/extensions/debug-auto-launch/dist/extension
[2019-11-16 23:49:27.804] [exthost] [info] ExtensionService#_doActivateExtension vscode.emmet {"startup":true,"extensionId":{"value":"vscode.emmet","_lower":"vscode.emmet"},"activationEvent":"*"}
[2019-11-16 23:49:27.805] [exthost] [info] ExtensionService#loadCommonJSModule file:///snap/code/20/usr/share/code/resources/app/extensions/emmet/dist/extension
[2019-11-16 23:49:27.911] [exthost] [info] ExtensionService#_doActivateExtension vscode.git {"startup":true,"extensionId":{"value":"vscode.git","_lower":"vscode.git"},"activationEvent":"*"}
[2019-11-16 23:49:27.912] [exthost] [info] ExtensionService#loadCommonJSModule file:///snap/code/20/usr/share/code/resources/app/extensions/git/dist/main
[2019-11-16 23:49:28.069] [exthost] [info] ExtensionService#_doActivateExtension vscode.merge-conflict {"startup":true,"extensionId":{"value":"vscode.merge-conflict","_lower":"vscode.merge-conflict"},"activationEvent":"*"}
[2019-11-16 23:49:28.069] [exthost] [info] ExtensionService#loadCommonJSModule file:///snap/code/20/usr/share/code/resources/app/extensions/merge-conflict/dist/extension
[2019-11-16 23:49:28.084] [exthost] [info] ExtensionService#_doActivateExtension PKief.material-icon-theme {"startup":true,"extensionId":{"value":"PKief.material-icon-theme","_lower":"pkief.material-icon-theme"},"activationEvent":"*"}
[2019-11-16 23:49:28.084] [exthost] [info] ExtensionService#loadCommonJSModule file:///home/thomas/.vscode/extensions/pkief.material-icon-theme-3.9.1/dist/extension
[2019-11-16 23:49:28.108] [exthost] [info] eager extensions activated
[2019-11-16 23:50:05.343] [exthost] [info] extension host started
[2019-11-16 23:50:05.458] [exthost] [info] ExtensionService#_doActivateExtension vscode.debug-auto-launch {"startup":true,"extensionId":{"value":"vscode.debug-auto-launch","_lower":"vscode.debug-auto-launch"},"activationEvent":"*"}
[2019-11-16 23:50:05.458] [exthost] [info] ExtensionService#loadCommonJSModule file:///snap/code/20/usr/share/code/resources/app/extensions/debug-auto-launch/dist/extension
[2019-11-16 23:50:05.478] [exthost] [info] ExtensionService#_doActivateExtension vscode.emmet {"startup":true,"extensionId":{"value":"vscode.emmet","_lower":"vscode.emmet"},"activationEvent":"*"}
[2019-11-16 23:50:05.479] [exthost] [info] ExtensionService#loadCommonJSModule file:///snap/code/20/usr/share/code/resources/app/extensions/emmet/dist/extension
[2019-11-16 23:50:05.547] [exthost] [info] ExtensionService#_doActivateExtension vscode.git {"startup":true,"extensionId":{"value":"vscode.git","_lower":"vscode.git"},"activationEvent":"*"}
[2019-11-16 23:50:05.548] [exthost] [info] ExtensionService#loadCommonJSModule file:///snap/code/20/usr/share/code/resources/app/extensions/git/dist/main
[2019-11-16 23:50:05.607] [exthost] [info] ExtensionService#_doActivateExtension vscode.merge-conflict {"startup":true,"extensionId":{"value":"vscode.merge-conflict","_lower":"vscode.merge-conflict"},"activationEvent":"*"}
[2019-11-16 23:50:05.607] [exthost] [info] ExtensionService#loadCommonJSModule file:///snap/code/20/usr/share/code/resources/app/extensions/merge-conflict/dist/extension
[2019-11-16 23:50:05.613] [exthost] [info] ExtensionService#_doActivateExtension PKief.material-icon-theme {"startup":true,"extensionId":{"value":"PKief.material-icon-theme","_lower":"pkief.material-icon-theme"},"activationEvent":"*"}
[2019-11-16 23:50:05.613] [exthost] [info] ExtensionService#loadCommonJSModule file:///home/thomas/.vscode/extensions/pkief.material-icon-theme-3.9.1/dist/extension
[2019-11-16 23:50:05.688] [exthost] [info] ExtensionService#_doActivateExtension vscode.npm {"startup":true,"extensionId":{"value":"vscode.npm","_lower":"vscode.npm"},"activationEvent":"workspaceContains:package.json"}
[2019-11-16 23:50:05.688] [exthost] [info] ExtensionService#loadCommonJSModule file:///snap/code/20/usr/share/code/resources/app/extensions/npm/dist/main
[2019-11-16 23:50:06.017] [exthost] [info] eager extensions activated
[2019-11-16 23:50:12.686] [exthost] [info] ExtensionService#_doActivateExtension vscode.typescript-language-features {"startup":false,"extensionId":{"value":"vscode.typescript-language-features","_lower":"vscode.typescript-language-features"},"activationEvent":"onLanguage:javascript"}
[2019-11-16 23:50:12.687] [exthost] [info] ExtensionService#loadCommonJSModule file:///snap/code/20/usr/share/code/resources/app/extensions/typescript-language-features/dist/extension
[2019-11-16 23:59:52.431] [exthost] [info] ExtensionService#_doActivateExtension vscode.extension-editing {"startup":false,"extensionId":{"value":"vscode.extension-editing","_lower":"vscode.extension-editing"},"activationEvent":"onLanguage:typescript"}
[2019-11-16 23:59:52.431] [exthost] [info] ExtensionService#loadCommonJSModule file:///snap/code/20/usr/share/code/resources/app/extensions/extension-editing/dist/extension
