[2019-11-16 16:29:15.356] [exthost] [info] extension host started
[2019-11-16 16:29:15.453] [exthost] [info] ExtensionService#_doActivateExtension vscode.debug-auto-launch {"startup":true,"extensionId":{"value":"vscode.debug-auto-launch","_lower":"vscode.debug-auto-launch"},"activationEvent":"*"}
[2019-11-16 16:29:15.454] [exthost] [info] ExtensionService#loadCommonJSModule file:///snap/code/20/usr/share/code/resources/app/extensions/debug-auto-launch/dist/extension
[2019-11-16 16:29:15.475] [exthost] [info] ExtensionService#_doActivateExtension vscode.emmet {"startup":true,"extensionId":{"value":"vscode.emmet","_lower":"vscode.emmet"},"activationEvent":"*"}
[2019-11-16 16:29:15.475] [exthost] [info] ExtensionService#loadCommonJSModule file:///snap/code/20/usr/share/code/resources/app/extensions/emmet/dist/extension
[2019-11-16 16:29:15.580] [exthost] [info] ExtensionService#_doActivateExtension vscode.git {"startup":true,"extensionId":{"value":"vscode.git","_lower":"vscode.git"},"activationEvent":"*"}
[2019-11-16 16:29:15.580] [exthost] [info] ExtensionService#loadCommonJSModule file:///snap/code/20/usr/share/code/resources/app/extensions/git/dist/main
[2019-11-16 16:29:15.803] [exthost] [info] ExtensionService#_doActivateExtension vscode.merge-conflict {"startup":true,"extensionId":{"value":"vscode.merge-conflict","_lower":"vscode.merge-conflict"},"activationEvent":"*"}
[2019-11-16 16:29:15.803] [exthost] [info] ExtensionService#loadCommonJSModule file:///snap/code/20/usr/share/code/resources/app/extensions/merge-conflict/dist/extension
[2019-11-16 16:29:15.828] [exthost] [info] ExtensionService#_doActivateExtension PKief.material-icon-theme {"startup":true,"extensionId":{"value":"PKief.material-icon-theme","_lower":"pkief.material-icon-theme"},"activationEvent":"*"}
[2019-11-16 16:29:15.832] [exthost] [info] ExtensionService#loadCommonJSModule file:///home/thomas/.vscode/extensions/pkief.material-icon-theme-3.9.1/dist/extension
[2019-11-16 16:29:15.884] [exthost] [info] eager extensions activated
[2019-11-16 16:29:34.591] [exthost] [info] extension host started
[2019-11-16 16:29:34.640] [exthost] [info] ExtensionService#_doActivateExtension vscode.debug-auto-launch {"startup":true,"extensionId":{"value":"vscode.debug-auto-launch","_lower":"vscode.debug-auto-launch"},"activationEvent":"*"}
[2019-11-16 16:29:34.640] [exthost] [info] ExtensionService#loadCommonJSModule file:///snap/code/20/usr/share/code/resources/app/extensions/debug-auto-launch/dist/extension
[2019-11-16 16:29:34.652] [exthost] [info] ExtensionService#_doActivateExtension vscode.emmet {"startup":true,"extensionId":{"value":"vscode.emmet","_lower":"vscode.emmet"},"activationEvent":"*"}
[2019-11-16 16:29:34.652] [exthost] [info] ExtensionService#loadCommonJSModule file:///snap/code/20/usr/share/code/resources/app/extensions/emmet/dist/extension
[2019-11-16 16:29:34.700] [exthost] [info] ExtensionService#_doActivateExtension vscode.git {"startup":true,"extensionId":{"value":"vscode.git","_lower":"vscode.git"},"activationEvent":"*"}
[2019-11-16 16:29:34.700] [exthost] [info] ExtensionService#loadCommonJSModule file:///snap/code/20/usr/share/code/resources/app/extensions/git/dist/main
[2019-11-16 16:29:34.834] [exthost] [info] ExtensionService#_doActivateExtension vscode.merge-conflict {"startup":true,"extensionId":{"value":"vscode.merge-conflict","_lower":"vscode.merge-conflict"},"activationEvent":"*"}
[2019-11-16 16:29:34.834] [exthost] [info] ExtensionService#loadCommonJSModule file:///snap/code/20/usr/share/code/resources/app/extensions/merge-conflict/dist/extension
[2019-11-16 16:29:34.858] [exthost] [info] ExtensionService#_doActivateExtension PKief.material-icon-theme {"startup":true,"extensionId":{"value":"PKief.material-icon-theme","_lower":"pkief.material-icon-theme"},"activationEvent":"*"}
[2019-11-16 16:29:34.858] [exthost] [info] ExtensionService#loadCommonJSModule file:///home/thomas/.vscode/extensions/pkief.material-icon-theme-3.9.1/dist/extension
[2019-11-16 16:29:34.944] [exthost] [info] ExtensionService#_doActivateExtension vscode.npm {"startup":true,"extensionId":{"value":"vscode.npm","_lower":"vscode.npm"},"activationEvent":"workspaceContains:package.json"}
[2019-11-16 16:29:34.944] [exthost] [info] ExtensionService#loadCommonJSModule file:///snap/code/20/usr/share/code/resources/app/extensions/npm/dist/main
[2019-11-16 16:29:35.165] [exthost] [info] eager extensions activated
[2019-11-16 20:00:12.227] [exthost] [info] ExtensionService#_doActivateExtension vscode.typescript-language-features {"startup":false,"extensionId":{"value":"vscode.typescript-language-features","_lower":"vscode.typescript-language-features"},"activationEvent":"onLanguage:javascript"}
[2019-11-16 20:00:12.230] [exthost] [info] ExtensionService#loadCommonJSModule file:///snap/code/20/usr/share/code/resources/app/extensions/typescript-language-features/dist/extension
[2019-11-16 20:16:34.546] [exthost] [info] ExtensionService#_doActivateExtension vscode.extension-editing {"startup":false,"extensionId":{"value":"vscode.extension-editing","_lower":"vscode.extension-editing"},"activationEvent":"onLanguage:typescript"}
[2019-11-16 20:16:34.546] [exthost] [info] ExtensionService#loadCommonJSModule file:///snap/code/20/usr/share/code/resources/app/extensions/extension-editing/dist/extension
